E:\HAI\CPROGRAM\ALGORITHM\BACK_TRACKING\EIGHT_QUEEN\BACK_TRACKING\DEBUG\MAIN.OBJ
E:\HAI\CPROGRAM\ALGORITHM\BACK_TRACKING\EIGHT_QUEEN\BACK_TRACKING\DEBUG\VC110.PDB
E:\HAI\CPROGRAM\ALGORITHM\BACK_TRACKING\EIGHT_QUEEN\DEBUG\BACK_TRACKING.ILK
E:\HAI\CPROGRAM\ALGORITHM\BACK_TRACKING\EIGHT_QUEEN\DEBUG\BACK_TRACKING.EXE
E:\HAI\CPROGRAM\ALGORITHM\BACK_TRACKING\EIGHT_QUEEN\DEBUG\BACK_TRACKING.PDB
E:\hai\cprogram\algorithm\back_tracking\eight_queen\back_tracking\Debug\main.obj
E:\hai\cprogram\algorithm\back_tracking\eight_queen\back_tracking\Debug\cl.command.1.tlog
E:\hai\cprogram\algorithm\back_tracking\eight_queen\back_tracking\Debug\CL.read.1.tlog
E:\hai\cprogram\algorithm\back_tracking\eight_queen\back_tracking\Debug\CL.write.1.tlog
E:\hai\cprogram\algorithm\back_tracking\eight_queen\back_tracking\Debug\link-cvtres.read.1.tlog
E:\hai\cprogram\algorithm\back_tracking\eight_queen\back_tracking\Debug\link-cvtres.write.1.tlog
E:\hai\cprogram\algorithm\back_tracking\eight_queen\back_tracking\Debug\link-rc.read.1.tlog
E:\hai\cprogram\algorithm\back_tracking\eight_queen\back_tracking\Debug\link-rc.write.1.tlog
E:\hai\cprogram\algorithm\back_tracking\eight_queen\back_tracking\Debug\link.command.1.tlog
E:\hai\cprogram\algorithm\back_tracking\eight_queen\back_tracking\Debug\link.read.1.tlog
E:\hai\cprogram\algorithm\back_tracking\eight_queen\back_tracking\Debug\link.write.1.tlog
E:\hai\cprogram\algorithm\back_tracking\eight_queen\back_tracking\Debug\vc110.idb
E:\hai\cprogram\algorithm\back_tracking\eight_queen\back_tracking\Debug\vc110.pdb
E:\hai\cprogram\algorithm\back_tracking\eight_queen\Debug\back_tracking.pdb
E:\hai\cprogram\algorithm\back_tracking\eight_queen\Debug\back_tracking.exe
E:\hai\cprogram\algorithm\back_tracking\eight_queen\Debug\back_tracking.ilk
